Application/build/intermediates/manifest_merge_blame_file/debug/manifest-merger-blame-debug-report.txt
1<?xml version="1.0" encoding="utf-8"?>
2<manifest xmlns:android="http://schemas.android.com/apk/res/android"
3    package="com.example.android.bluetoothchat"
4    android:versionCode="1"
5    android:versionName="1.0" >
6
7    <uses-sdk
8        android:minSdkVersion="21"
8-->src\main\AndroidManifest.xml
9        android:targetSdkVersion="29" />
9-->src\main\AndroidManifest.xml
10    <!-- Min/target SDK versions (<uses-sdk>) managed by build.gradle -->
11    <uses-permission android:name="android.permission.BLUETOOTH_ADMIN" />
11-->src\main\AndroidManifest.xml:8:5-74
11-->src\main\AndroidManifest.xml:8:22-71
12    <uses-permission android:name="android.permission.BLUETOOTH" />
12-->src\main\AndroidManifest.xml:9:5-68
12-->src\main\AndroidManifest.xml:9:22-65
13
14    <application
14-->src\main\AndroidManifest.xml:11:5-37:19
15        android:allowBackup="true"
15-->src\main\AndroidManifest.xml:12:9-35
16        android:appComponentFactory="androidx.core.app.CoreComponentFactory"
16-->[androidx.core:core:1.1.0] AndroidManifest.xml:24:18-86
17        android:debuggable="true"
18        android:icon="@drawable/ic_launcher"
18-->src\main\AndroidManifest.xml:13:9-45
19        android:label="@string/app_name"
19-->src\main\AndroidManifest.xml:14:9-41
20        android:testOnly="true"
21        android:theme="@style/AppTheme" >
21-->src\main\AndroidManifest.xml:15:9-40
22        <activity android:name="com.example.android.bluetoothchat.DicoverDevice" />
22-->src\main\AndroidManifest.xml:17:9-60
22-->src\main\AndroidManifest.xml:17:19-48
23        <activity android:name="com.example.android.FoodDetails" />
23-->src\main\AndroidManifest.xml:18:9-68
23-->src\main\AndroidManifest.xml:18:19-65
24        <activity android:name="com.example.android.Cart" />
24-->src\main\AndroidManifest.xml:19:9-61
24-->src\main\AndroidManifest.xml:19:19-58
25        <activity android:name="com.example.android.FoodDetail" />
25-->src\main\AndroidManifest.xml:20:9-67
25-->src\main\AndroidManifest.xml:20:19-64
26        <activity android:name="com.example.android.Tom" />
26-->src\main\AndroidManifest.xml:21:9-60
26-->src\main\AndroidManifest.xml:21:19-57
27        <activity
27-->src\main\AndroidManifest.xml:22:9-31:20
28            android:name="com.example.android.bluetoothchat.MainActivity"
28-->src\main\AndroidManifest.xml:23:13-41
29            android:configChanges="orientation|keyboardHidden"
29-->src\main\AndroidManifest.xml:24:13-63
30            android:label="@string/app_name" >
30-->src\main\AndroidManifest.xml:25:13-45
31            <intent-filter>
31-->src\main\AndroidManifest.xml:26:13-30:29
32                <action android:name="android.intent.action.MAIN" />
32-->src\main\AndroidManifest.xml:27:17-69
32-->src\main\AndroidManifest.xml:27:25-66
33
34                <category android:name="android.intent.category.LAUNCHER" />
34-->src\main\AndroidManifest.xml:29:17-77
34-->src\main\AndroidManifest.xml:29:27-74
35            </intent-filter>
36        </activity>
37        <activity
37-->src\main\AndroidManifest.xml:32:9-36:64
38            android:name="com.example.android.bluetoothchat.DeviceListActivity"
38-->src\main\AndroidManifest.xml:33:13-47
39            android:configChanges="orientation|keyboardHidden"
39-->src\main\AndroidManifest.xml:34:13-63
40            android:label="@string/select_device"
40-->src\main\AndroidManifest.xml:35:13-50
41            android:theme="@android:style/Theme.Holo.Dialog" />
41-->src\main\AndroidManifest.xml:36:13-61
42    </application>
43
44</manifest>